{"level":"error","message":"error getting user with email miketest2","service":"getOneUserByEmailService","trace":"Parameter \"filter\" to find() must be an object, got miketest2"}
{"level":"error","message":"error getting user with email miketest2","service":"getOneUserByEmailService","trace":"Parameter \"filter\" to find() must be an object, got miketest2"}
{"level":"error","message":"error getting user with email miketest2","service":"getOneUserByEmailService","trace":"Parameter \"filter\" to find() must be an object, got miketest2"}
{"level":"error","message":"error getting user with email miketest","service":"getOneUserByEmailService","trace":"Parameter \"filter\" to find() must be an object, got miketest"}
{"level":"error","message":"error getting user with email miketest","service":"getOneUserByEmailService","trace":"Parameter \"filter\" to find() must be an object, got miketest"}
{"level":"error","message":"error getting user with email miketest2","service":"getOneUserByEmailService","trace":"Parameter \"filter\" to find() must be an object, got miketest2"}
{"level":"error","message":"error getting user with email test@test7.com","service":"getOneUserByEmailService","trace":"Parameter \"filter\" to find() must be an object, got test@test7.com"}
{"level":"error","message":"error getting user with email miketest7","service":"getOneUserByEmailService","trace":"Parameter \"filter\" to find() must be an object, got miketest7"}
{"level":"error","message":"error getting user with email miketest7","service":"getOneUserByEmailService","trace":"Parameter \"filter\" to find() must be an object, got miketest7"}
{"level":"error","message":"error getting user with email miketest7","service":"getOneUserByEmailService","trace":"Parameter \"filter\" to find() must be an object, got miketest7"}
{"level":"error","message":"error getting user with email miketest7","service":"getOneUserByEmailService","trace":"Parameter \"filter\" to find() must be an object, got miketest7"}
{"level":"error","message":"error","service":"user-service"}
{"level":"error","message":"error","service":"user-service"}
{"fn":"authValidateUserService","instance":"services","level":"error","message":"Error validating user credentials","service":"user-service","trace":"user email or password is incorrect"}
{"fn":"authLoginService","instance":"services","level":"error","message":"Error login user","service":"user-service","trace":"Error validating user credentials"}
{"fn":"bodyRequestValidator","instance":"middlewares schema validation","level":"error","message":"error validating body request Paswords must match","service":"user-service","trace":"Paswords must match"}
{"fn":"bodyRequestValidator","instance":"middlewares schema validation","level":"error","message":"error validating body request Password confirmation is required","service":"user-service","trace":"Password confirmation is required"}
{"fn":"bodyRequestValidator","instance":"middlewares schema validation","level":"error","message":"error validating body request Username is required","service":"user-service","trace":"Username is required"}
{"fn":"authValidateUserService","instance":"services","level":"error","message":"Error validating user credentials","service":"user-service","trace":"user email or password is incorrect"}
{"fn":"authLoginService","instance":"services","level":"error","message":"Error login user","service":"user-service","trace":"Error validating user credentials"}
{"fn":"bodyRequestValidator","instance":"middlewares schema validation","level":"error","message":"error validating body request Username is required","service":"user-service","trace":"Username is required"}
{"fn":"bodyRequestValidator","instance":"middlewares schema validation","level":"error","message":"error validating body request Password confirmation is required","service":"user-service","trace":"Password confirmation is required"}
{"level":"error","message":"error creating user with email MIKETEST1@test.com","service":"authCreateUserService","trace":"E11000 duplicate key error collection: olademar-backend.users index: username_1 dup key: { username: \"miketest1\" }"}
{"level":"error","message":"error creating user with email MIKETEST3@test.com","service":"authCreateUserService","trace":"E11000 duplicate key error collection: olademar-backend.users index: email_1 dup key: { email: \"miketest3@test.com\" }"}
{"instance":"services","level":"error","message":"error creating a new project service","service":"createNewProjectService","trace":"Cart validation failed: owner: an user is required to create a cart"}
{"instance":"controller","level":"error","message":"error on create cart controller","service":"createCartController","trace":"Error creating a new project Cart validation failed: owner: an user is required to create a cart"}
{"instance":"services","level":"error","message":"error creating a new project service","service":"createNewProjectService","trace":"Cart validation failed: owner: an user is required to create a cart"}
{"instance":"controller","level":"error","message":"error on create cart controller","service":"createCartController","trace":"Error creating a new project Cart validation failed: owner: an user is required to create a cart"}
{"instance":"services","level":"error","message":"error creating a new project service","service":"createNewProjectService","trace":"Cart validation failed: owner: an user is required to create a cart"}
{"instance":"controller","level":"error","message":"error on create cart controller","service":"createCartController","trace":"Error creating a new project Cart validation failed: owner: an user is required to create a cart"}
{"instance":"services","level":"error","message":"error creating a new project service","service":"createNewProjectService","trace":"Cart validation failed: owner: an user is required to create a cart"}
{"instance":"controller","level":"error","message":"error on create cart controller","service":"createCartController","trace":"Error creating a new project Cart validation failed: owner: an user is required to create a cart"}
{"instance":"services","level":"error","message":"error creating a cart service","service":"createOneCartService","trace":"Cart validation failed: owner: an user is required to create a cart"}
{"instance":"controller","level":"error","message":"error on create cart controller","service":"createCartController","trace":"Error creating a new project Cart validation failed: owner: an user is required to create a cart"}
{"instance":"services","level":"error","message":"error creating a cart service","service":"createOneCartService","trace":"Cart validation failed: owner: an user is required to create a cart"}
{"instance":"controller","level":"error","message":"error on create cart controller","service":"createCartController","trace":"Error creating a new project Cart validation failed: owner: an user is required to create a cart"}
{"instance":"services","level":"error","message":"error creating a cart service","service":"createOneCartService","trace":"Cart validation failed: owner: an user is required to create a cart"}
{"instance":"controller","level":"error","message":"error on create cart controller","service":"createCartController","trace":"Error creating a new project Cart validation failed: owner: an user is required to create a cart"}
{"instance":"services","level":"error","message":"error creating a cart service","service":"createOneCartService","trace":"Cart validation failed: owner: an user is required to create a cart"}
{"instance":"controller","level":"error","message":"error on create cart controller","service":"createCartController","trace":"Error creating a new project Cart validation failed: owner: an user is required to create a cart"}
{"instance":"services","level":"error","message":"error creating a cart service","service":"createOneCartService","trace":"Cart validation failed: owner: an user is required to create a cart"}
{"instance":"controller","level":"error","message":"error on create cart controller","service":"createCartController","trace":"Error creating a cart Cart validation failed: owner: an user is required to create a cart"}
{"instance":"services","level":"error","message":"error creating a cart service","service":"createOneCartService","trace":"Cart validation failed: owner: an user is required to create a cart"}
{"instance":"controller","level":"error","message":"error on create cart controller","service":"createCartController","trace":"Error creating a cart Cart validation failed: owner: an user is required to create a cart"}
{"instance":"services","level":"error","message":"error creating a cart service","service":"createOneCartService","trace":"Cart validation failed: owner: an user is required to create a cart"}
{"instance":"controller","level":"error","message":"error on create cart controller","service":"createCartController","trace":"Error creating a cart Cart validation failed: owner: an user is required to create a cart"}
{"instance":"services","level":"error","message":"error creating a cart service","service":"createOneCartService","trace":"Cart validation failed: owner: an user is required to create a cart"}
{"instance":"controller","level":"error","message":"error on create cart controller","service":"createCartController","trace":"Error creating a cart Cart validation failed: owner: an user is required to create a cart"}
{"instance":"services","level":"error","message":"error creating a cart service","service":"createOneCartService","trace":"Cart validation failed: owner: an user is required to create a cart"}
{"instance":"controller","level":"error","message":"error on create cart controller","service":"createCartController","trace":"Error creating a cart Cart validation failed: owner: an user is required to create a cart"}
{"instance":"services","level":"error","message":"error creating a cart service","service":"createOneCartService","trace":"Cart validation failed: owner: an user is required to create a cart"}
{"instance":"controller","level":"error","message":"error on create cart controller","service":"createCartController","trace":"Error creating a cart Cart validation failed: owner: an user is required to create a cart"}
{"level":"error","message":"error creating user with email miketest@test.com","service":"authCreateUserService","trace":"E11000 duplicate key error collection: olademar-backend.users index: email_1 dup key: { email: \"miketest@test.com\" }"}
{"instance":"services","level":"error","message":"error creating a cart service","service":"createOneCartService","trace":"Cart validation failed: owner: an user is required to create a cart"}
{"instance":"controller","level":"error","message":"error on create cart controller","service":"createCartController","trace":"Error creating a cart Cart validation failed: owner: an user is required to create a cart"}
{"instance":"services","level":"error","message":"error creating a cart service","service":"createOneCartService","trace":"Cart validation failed: owner: an user is required to create a cart"}
{"instance":"controller","level":"error","message":"error on create cart controller","service":"createCartController","trace":"Error creating a cart Cart validation failed: owner: an user is required to create a cart"}
{"instance":"services","level":"error","message":"error creating a cart service","service":"createOneCartService","trace":"Cart validation failed: owner: an user is required to create a cart"}
{"instance":"controller","level":"error","message":"error on create cart controller","service":"createCartController","trace":"Error creating a cart Cart validation failed: owner: an user is required to create a cart"}
{"instance":"services","level":"error","message":"error creating a cart service","service":"createOneCartService","trace":"Cart validation failed: owner: an user is required to create a cart"}
{"instance":"controller","level":"error","message":"error on create cart controller","service":"createCartController","trace":"Error creating a cart Cart validation failed: owner: an user is required to create a cart"}
{"instance":"services","level":"error","message":"error creating a cart service","service":"createOneCartService","trace":"Cart validation failed: owner: an user is required to create a cart"}
{"instance":"controller","level":"error","message":"error on create cart controller","service":"createCartController","trace":"Error creating a cart Cart validation failed: owner: an user is required to create a cart"}
{"instance":"services","level":"error","message":"error creating a cart service","service":"createOneCartService","trace":"Cart validation failed: owner: an user is required to create a cart"}
{"instance":"controller","level":"error","message":"error on create cart controller","service":"createCartController","trace":"Error creating a cart Cart validation failed: owner: an user is required to create a cart"}
{"instance":"services","level":"error","message":"error creating a cart service","service":"createOneCartService","trace":"Cart validation failed: owner: an user is required to create a cart"}
{"instance":"controller","level":"error","message":"error on create cart controller","service":"createCartController","trace":"Error creating a cart Cart validation failed: owner: an user is required to create a cart"}
{"instance":"services","level":"error","message":"error creating a cart service","service":"createOneCartService","trace":"Cart validation failed: owner: an user is required to create a cart"}
{"instance":"controller","level":"error","message":"error on create cart controller","service":"createCartController","trace":"Error creating a cart Cart validation failed: owner: an user is required to create a cart"}
{"instance":"services","level":"error","message":"error creating a cart service","service":"createOneCartService","trace":"Cart validation failed: owner: Path `owner` is required."}
{"instance":"controller","level":"error","message":"error on create cart controller","service":"createCartController","trace":"Error creating a cart Cart validation failed: owner: Path `owner` is required."}
{"instance":"services","level":"error","message":"error creating a cart service","service":"createOneCartService","trace":"Cart validation failed: owner: Path `owner` is required."}
{"instance":"controller","level":"error","message":"error on create cart controller","service":"createCartController","trace":"Error creating a cart Cart validation failed: owner: Path `owner` is required."}
{"instance":"services","level":"error","message":"error creating a cart service","service":"createOneCartService","trace":"Cart validation failed: owner: Path `owner` is required."}
{"instance":"controller","level":"error","message":"error on create cart controller","service":"createCartController","trace":"Error creating a cart Cart validation failed: owner: Path `owner` is required."}
{"instance":"services","level":"error","message":"error creating a cart service","service":"createOneCartService","trace":"Cart validation failed: owner: Path `owner` is required."}
{"instance":"controller","level":"error","message":"error on create cart controller","service":"createCartController","trace":"Error creating a cart Cart validation failed: owner: Path `owner` is required."}
{"instance":"services","level":"error","message":"error creating a cart service","service":"createOneCartService","trace":"Cart validation failed: owner: Path `owner` is required."}
{"instance":"controller","level":"error","message":"error on create cart controller","service":"createCartController","trace":"Error creating a cart Cart validation failed: owner: Path `owner` is required."}
{"instance":"services","level":"error","message":"error creating a cart service","service":"createOneCartService","trace":"Cart validation failed: owner: Path `owner` is required."}
{"instance":"controller","level":"error","message":"error on create cart controller","service":"createCartController","trace":"Error creating a cart Cart validation failed: owner: Path `owner` is required."}
{"instance":"services","level":"error","message":"error creating a cart service","service":"createOneCartService","trace":"Cart validation failed: owner: Cast to ObjectId failed for value \"{ owner: '629e6910d85a1eb5d350e201' }\" (type Object) at path \"owner\" because of \"BSONTypeError\""}
{"instance":"controller","level":"error","message":"error on create cart controller","service":"createCartController","trace":"Error creating a cart Cart validation failed: owner: Cast to ObjectId failed for value \"{ owner: '629e6910d85a1eb5d350e201' }\" (type Object) at path \"owner\" because of \"BSONTypeError\""}
{"instance":"services","level":"error","message":"error creating a cart service","service":"createOneCartService","trace":"Cart validation failed: owner: Path `owner` is required."}
{"instance":"controller","level":"error","message":"error on create cart controller","service":"createCartController","trace":"Error creating a cart Cart validation failed: owner: Path `owner` is required."}
{"instance":"services","level":"error","message":"error creating a cart service","service":"createOneCartService","trace":"Cart validation failed: owner: Path `owner` is required."}
{"instance":"controller","level":"error","message":"error on create cart controller","service":"createCartController","trace":"Error creating a cart Cart validation failed: owner: Path `owner` is required."}
{"instance":"services","level":"error","message":"error creating a order service","service":"createOneOrderService","trace":"Order validation failed: owner: Path `owner` is required."}
{"instance":"controller","level":"error","message":"error on create cart controller","service":"createCartController","trace":"Error creating a order Order validation failed: owner: Path `owner` is required."}
{"fn":"bodyRequestValidator","instance":"middlewares schema validation","level":"error","message":"error validating body request Password confirmation is required","service":"user-service","trace":"Password confirmation is required"}
{"level":"error","message":"error creating user with email miketest@test.com","service":"authCreateUserService","trace":"E11000 duplicate key error collection: olademar-backend.users index: username_1 dup key: { username: \"mikes\" }"}
{"fn":"authValidateUserService","instance":"services","level":"error","message":"Error validating user credentials","service":"user-service","trace":"user email or password is incorrect"}
{"fn":"authLoginService","instance":"services","level":"error","message":"Error login user","service":"user-service","trace":"Error validating user credentials"}
{"fn":"bodyRequestValidator","instance":"middlewares schema validation","level":"error","message":"error validating body request Password confirmation is required","service":"user-service","trace":"Password confirmation is required"}
{"fn":"bodyRequestValidator","instance":"middlewares schema validation","level":"error","message":"error validating body request Password confirmation is required","service":"user-service","trace":"Password confirmation is required"}
{"level":"error","message":"error creating user with email miketest1@test.com","service":"authCreateUserService","trace":"E11000 duplicate key error collection: olademar-backend.users index: username_1 dup key: { username: \"mikes1\" }"}
